<?xml version="1.0" encoding="UTF-8"?>
<coverage generated="1662639533939" clover="3.2.0">
  <project timestamp="1662639533940" name="All files">
    <metrics statements="4" coveredstatements="4" conditionals="2" coveredconditionals="2" methods="2" coveredmethods="2" elements="8" coveredelements="8" complexity="0" loc="4" ncloc="4" packages="1" files="2" classes="2"/>
    <file name="index.js" path="D:\WorkSpace\ReactNative\CompassFlix\src\Components\ButtonAvatar\index.js">
      <metrics statements="3" coveredstatements="3" conditionals="2" coveredconditionals="2" methods="2" coveredmethods="2"/>
      <line num="6" count="1" type="stmt"/>
      <line num="7" count="4" type="stmt"/>
      <line num="11" count="2" type="stmt"/>
    </file>
    <file name="style.js" path="D:\WorkSpace\ReactNative\CompassFlix\src\Components\ButtonAvatar\style.js">
      <metrics statements="1" coveredstatements="1" conditionals="0" coveredconditionals="0" methods="0" coveredmethods="0"/>
      <line num="3" count="1" type="stmt"/>
    </file>
  </project>
</coverage>
