<?xml version="1.0" encoding="UTF-8"?>
<coverage generated="1662647576617" clover="3.2.0">
  <project timestamp="1662647576618" name="All files">
    <metrics statements="3" coveredstatements="3" conditionals="2" coveredconditionals="2" methods="1" coveredmethods="1" elements="6" coveredelements="6" complexity="0" loc="3" ncloc="3" packages="1" files="2" classes="2"/>
    <file name="index.js" path="D:\WorkSpace\ReactNative\CompassFlix\src\Components\Cast\index.js">
      <metrics statements="2" coveredstatements="2" conditionals="2" coveredconditionals="2" methods="1" coveredmethods="1"/>
      <line num="6" count="1" type="stmt"/>
      <line num="7" count="2" type="stmt"/>
    </file>
    <file name="style.js" path="D:\WorkSpace\ReactNative\CompassFlix\src\Components\Cast\style.js">
      <metrics statements="1" coveredstatements="1" conditionals="0" coveredconditionals="0" methods="0" coveredmethods="0"/>
      <line num="3" count="1" type="stmt"/>
    </file>
  </project>
</coverage>
