{"D:\\WorkSpace\\ReactNative\\Compass_Flix\\CompassFlix\\src\\Components\\RatingAverage\\index.js": {"path":"D:\\WorkSpace\\ReactNative\\Compass_Flix\\CompassFlix\\src\\Components\\RatingAverage\\index.js","statementMap":{"0":{"start":{"line":5,"column":22},"end":{"line":14,"column":1}},"1":{"start":{"line":6,"column":2},"end":{"line":13,"column":4}}},"fnMap":{"0":{"name":"(anonymous_0)","decl":{"start":{"line":5,"column":22},"end":{"line":5,"column":23}},"loc":{"start":{"line":5,"column":36},"end":{"line":14,"column":1}},"line":5}},"branchMap":{"0":{"loc":{"start":{"line":10,"column":9},"end":{"line":10,"column":55}},"type":"cond-expr","locations":[{"start":{"line":10,"column":18},"end":{"line":10,"column":44}},{"start":{"line":10,"column":47},"end":{"line":10,"column":55}}],"line":10}},"s":{"0":1,"1":3},"f":{"0":3},"b":{"0":[2,1]},"_coverageSchema":"1a1c01bbd47fc00a2c39e90264f33305004495a9","hash":"14abf01e8a9575c4ad63e1cc5bc9c1d4c6d79965"}
,"D:\\WorkSpace\\ReactNative\\Compass_Flix\\CompassFlix\\src\\Components\\RatingAverage\\style.js": {"path":"D:\\WorkSpace\\ReactNative\\Compass_Flix\\CompassFlix\\src\\Components\\RatingAverage\\style.js","statementMap":{"0":{"start":{"line":3,"column":15},"end":{"line":13,"column":2}}},"fnMap":{},"branchMap":{},"s":{"0":1},"f":{},"b":{},"_coverageSchema":"1a1c01bbd47fc00a2c39e90264f33305004495a9","hash":"02bb31c7f773d6c4dd60223122051639f5695a14"}
,"D:\\WorkSpace\\ReactNative\\Compass_Flix\\CompassFlix\\src\\assets\\starRated.png": {"path":"D:\\WorkSpace\\ReactNative\\Compass_Flix\\CompassFlix\\src\\assets\\starRated.png","statementMap":{"0":{"start":{"line":1,"column":0},"end":{"line":4,"column":6}}},"fnMap":{},"branchMap":{},"s":{"0":1},"f":{},"b":{},"_coverageSchema":"1a1c01bbd47fc00a2c39e90264f33305004495a9","hash":"476144530bce7a744b128e5cd76044d66c4283e4"}
}
