{"D:\\WorkSpace\\ReactNative\\CompassFlix\\src\\Components\\Cast\\index.js": {"path":"D:\\WorkSpace\\ReactNative\\CompassFlix\\src\\Components\\Cast\\index.js","statementMap":{"0":{"start":{"line":6,"column":13},"end":{"line":32,"column":1}},"1":{"start":{"line":7,"column":2},"end":{"line":31,"column":4}}},"fnMap":{"0":{"name":"(anonymous_0)","decl":{"start":{"line":6,"column":13},"end":{"line":6,"column":14}},"loc":{"start":{"line":6,"column":59},"end":{"line":32,"column":1}},"line":6}},"branchMap":{"0":{"loc":{"start":{"line":9,"column":7},"end":{"line":24,"column":7}},"type":"cond-expr","locations":[{"start":{"line":10,"column":8},"end":{"line":14,"column":10}},{"start":{"line":16,"column":8},"end":{"line":23,"column":15}}],"line":9}},"s":{"0":1,"1":2},"f":{"0":2},"b":{"0":[1,1]},"_coverageSchema":"1a1c01bbd47fc00a2c39e90264f33305004495a9","hash":"64bc961569d86b2f24bc131283bf50ffa9684e5a"}
,"D:\\WorkSpace\\ReactNative\\CompassFlix\\src\\Components\\Cast\\style.js": {"path":"D:\\WorkSpace\\ReactNative\\CompassFlix\\src\\Components\\Cast\\style.js","statementMap":{"0":{"start":{"line":3,"column":15},"end":{"line":35,"column":2}}},"fnMap":{},"branchMap":{},"s":{"0":1},"f":{},"b":{},"_coverageSchema":"1a1c01bbd47fc00a2c39e90264f33305004495a9","hash":"334aedc445f6cc5d6a478a9171917b861dba86e1"}
}
